<?xml version="1.0" encoding="UTF-8"?>
<!-- Generated by org.testng.reporters.JUnitReportReporter -->
<testsuite hostname="DESKTOP-AD44IUN" failures="0" tests="10" name="com.testcases.Register" time="48.517" errors="0" timestamp="2023-06-06T11:32:32 IST" skipped="0">
  <testcase classname="com.testcases.Register" name="account" time="2.696"/>
  <system-out/>
  <testcase classname="com.testcases.Register" name="registerPage" time="4.656"/>
  <system-out/>
  <testcase classname="com.testcases.Register" name="registerPage" time="4.530"/>
  <system-out/>
  <testcase classname="com.testcases.Register" name="registerPage" time="8.480"/>
  <system-out/>
  <testcase classname="com.testcases.Register" name="registerPage" time="4.305"/>
  <system-out/>
  <testcase classname="com.testcases.Register" name="registerPage" time="5.633"/>
  <system-out/>
  <testcase classname="com.testcases.Register" name="registerPage" time="4.008"/>
  <system-out/>
  <testcase classname="com.testcases.Register" name="registerPage" time="3.886"/>
  <system-out/>
  <testcase classname="com.testcases.Register" name="registerPage" time="6.031"/>
  <system-out/>
  <testcase classname="com.testcases.Register" name="registerPage" time="4.292"/>
  <system-out/>
</testsuite> <!-- com.testcases.Register -->
